C:\USERS\ANTHONY\DROPBOX\PROGRAMMING\C++\NEUMONT\GAMEDEV\ENGINE\ENGINE\DEBUG\AUTOPROFILERMANAGER.OBJ
C:\USERS\ANTHONY\DROPBOX\PROGRAMMING\C++\NEUMONT\GAMEDEV\ENGINE\ENGINE\DEBUG\BINARYTOSHAPELOADER.OBJ
C:\USERS\ANTHONY\DROPBOX\PROGRAMMING\C++\NEUMONT\GAMEDEV\ENGINE\ENGINE\DEBUG\BUFFERMANAGER.OBJ
C:\USERS\ANTHONY\DROPBOX\PROGRAMMING\C++\NEUMONT\GAMEDEV\ENGINE\ENGINE\DEBUG\CAMERA.OBJ
C:\USERS\ANTHONY\DROPBOX\PROGRAMMING\C++\NEUMONT\GAMEDEV\ENGINE\ENGINE\DEBUG\DEBUGMENUMANAGER.OBJ
C:\USERS\ANTHONY\DROPBOX\PROGRAMMING\C++\NEUMONT\GAMEDEV\ENGINE\ENGINE\DEBUG\DEBUGSHAPEMANAGER.OBJ
C:\USERS\ANTHONY\DROPBOX\PROGRAMMING\C++\NEUMONT\GAMEDEV\ENGINE\ENGINE\DEBUG\DEBUGSLIDER.OBJ
C:\USERS\ANTHONY\DROPBOX\PROGRAMMING\C++\NEUMONT\GAMEDEV\ENGINE\ENGINE\DEBUG\DEBUGSLIDER_MOCK.OBJ
C:\USERS\ANTHONY\DROPBOX\PROGRAMMING\C++\NEUMONT\GAMEDEV\ENGINE\ENGINE\DEBUG\DEBUGTIMER.OBJ
C:\USERS\ANTHONY\DROPBOX\PROGRAMMING\C++\NEUMONT\GAMEDEV\ENGINE\ENGINE\DEBUG\DLLMAIN.OBJ
C:\USERS\ANTHONY\DROPBOX\PROGRAMMING\C++\NEUMONT\GAMEDEV\ENGINE\ENGINE\DEBUG\GEOMETRYINFO.OBJ
C:\USERS\ANTHONY\DROPBOX\PROGRAMMING\C++\NEUMONT\GAMEDEV\ENGINE\ENGINE\DEBUG\LINKEDSLIDER.OBJ
C:\USERS\ANTHONY\DROPBOX\PROGRAMMING\C++\NEUMONT\GAMEDEV\ENGINE\ENGINE\DEBUG\LOGMANAGER.OBJ
C:\USERS\ANTHONY\DROPBOX\PROGRAMMING\C++\NEUMONT\GAMEDEV\ENGINE\ENGINE\DEBUG\MYRANDOM.OBJ
C:\USERS\ANTHONY\DROPBOX\PROGRAMMING\C++\NEUMONT\GAMEDEV\ENGINE\ENGINE\DEBUG\NUSHAPEEDITOR.OBJ
C:\USERS\ANTHONY\DROPBOX\PROGRAMMING\C++\NEUMONT\GAMEDEV\ENGINE\ENGINE\DEBUG\RENDERABLE.OBJ
C:\USERS\ANTHONY\DROPBOX\PROGRAMMING\C++\NEUMONT\GAMEDEV\ENGINE\ENGINE\DEBUG\RENDERER.OBJ
C:\USERS\ANTHONY\DROPBOX\PROGRAMMING\C++\NEUMONT\GAMEDEV\ENGINE\ENGINE\DEBUG\SHADERPROGRAM.OBJ
C:\USERS\ANTHONY\DROPBOX\PROGRAMMING\C++\NEUMONT\GAMEDEV\ENGINE\ENGINE\DEBUG\SHADERUNIFORMPRAM.OBJ
C:\USERS\ANTHONY\DROPBOX\PROGRAMMING\C++\NEUMONT\GAMEDEV\ENGINE\ENGINE\DEBUG\TIMER.OBJ
C:\USERS\ANTHONY\DROPBOX\PROGRAMMING\C++\NEUMONT\GAMEDEV\ENGINE\ENGINE\DEBUG\VC110.PDB
C:\Users\Anthony\Dropbox\Programming\C++\Neumont\GameDev\Engine\Engine\Debug\AutoProfilerManager.obj
C:\Users\Anthony\Dropbox\Programming\C++\Neumont\GameDev\Engine\Engine\Debug\BinaryToShapeLoader.obj
C:\Users\Anthony\Dropbox\Programming\C++\Neumont\GameDev\Engine\Engine\Debug\BufferManager.obj
C:\Users\Anthony\Dropbox\Programming\C++\Neumont\GameDev\Engine\Engine\Debug\Camera.obj
C:\Users\Anthony\Dropbox\Programming\C++\Neumont\GameDev\Engine\Engine\Debug\DebugMenuManager.obj
C:\Users\Anthony\Dropbox\Programming\C++\Neumont\GameDev\Engine\Engine\Debug\DebugShapeManager.obj
C:\Users\Anthony\Dropbox\Programming\C++\Neumont\GameDev\Engine\Engine\Debug\DebugSlider.obj
C:\Users\Anthony\Dropbox\Programming\C++\Neumont\GameDev\Engine\Engine\Debug\DebugSlider_mock.obj
C:\Users\Anthony\Dropbox\Programming\C++\Neumont\GameDev\Engine\Engine\Debug\DebugTimer.obj
C:\Users\Anthony\Dropbox\Programming\C++\Neumont\GameDev\Engine\Engine\Debug\dllmain.obj
C:\Users\Anthony\Dropbox\Programming\C++\Neumont\GameDev\Engine\Engine\Debug\GeometryInfo.obj
C:\Users\Anthony\Dropbox\Programming\C++\Neumont\GameDev\Engine\Engine\Debug\LinkedSlider.obj
C:\Users\Anthony\Dropbox\Programming\C++\Neumont\GameDev\Engine\Engine\Debug\LogManager.obj
C:\Users\Anthony\Dropbox\Programming\C++\Neumont\GameDev\Engine\Engine\Debug\MyRandom.obj
C:\Users\Anthony\Dropbox\Programming\C++\Neumont\GameDev\Engine\Engine\Debug\NUShapeEditor.obj
C:\Users\Anthony\Dropbox\Programming\C++\Neumont\GameDev\Engine\Engine\Debug\Renderable.obj
C:\Users\Anthony\Dropbox\Programming\C++\Neumont\GameDev\Engine\Engine\Debug\Renderer.obj
C:\Users\Anthony\Dropbox\Programming\C++\Neumont\GameDev\Engine\Engine\Debug\ShaderProgram.obj
C:\Users\Anthony\Dropbox\Programming\C++\Neumont\GameDev\Engine\Engine\Debug\ShaderUniformPram.obj
C:\Users\Anthony\Dropbox\Programming\C++\Neumont\GameDev\Engine\Engine\Debug\Timer.obj
C:\Users\Anthony\Dropbox\Programming\C++\Neumont\GameDev\Engine\Engine\Debug\cl.command.1.tlog
C:\Users\Anthony\Dropbox\Programming\C++\Neumont\GameDev\Engine\Engine\Debug\CL.read.1.tlog
C:\Users\Anthony\Dropbox\Programming\C++\Neumont\GameDev\Engine\Engine\Debug\CL.write.1.tlog
C:\Users\Anthony\Dropbox\Programming\C++\Neumont\GameDev\Engine\Engine\Debug\Engine.write.1.tlog
C:\Users\Anthony\Dropbox\Programming\C++\Neumont\GameDev\Engine\Engine\Debug\link-cvtres.read.1.tlog
C:\Users\Anthony\Dropbox\Programming\C++\Neumont\GameDev\Engine\Engine\Debug\link-cvtres.write.1.tlog
C:\Users\Anthony\Dropbox\Programming\C++\Neumont\GameDev\Engine\Engine\Debug\link-rc.read.1.tlog
C:\Users\Anthony\Dropbox\Programming\C++\Neumont\GameDev\Engine\Engine\Debug\link-rc.write.1.tlog
C:\Users\Anthony\Dropbox\Programming\C++\Neumont\GameDev\Engine\Engine\Debug\link.4020-cvtres.read.1.tlog
C:\Users\Anthony\Dropbox\Programming\C++\Neumont\GameDev\Engine\Engine\Debug\link.4020-cvtres.write.1.tlog
C:\Users\Anthony\Dropbox\Programming\C++\Neumont\GameDev\Engine\Engine\Debug\link.4020-rc.read.1.tlog
C:\Users\Anthony\Dropbox\Programming\C++\Neumont\GameDev\Engine\Engine\Debug\link.4020-rc.write.1.tlog
C:\Users\Anthony\Dropbox\Programming\C++\Neumont\GameDev\Engine\Engine\Debug\link.4020.read.1.tlog
C:\Users\Anthony\Dropbox\Programming\C++\Neumont\GameDev\Engine\Engine\Debug\link.4020.write.1.tlog
C:\Users\Anthony\Dropbox\Programming\C++\Neumont\GameDev\Engine\Engine\Debug\link.5596-cvtres.read.1.tlog
C:\Users\Anthony\Dropbox\Programming\C++\Neumont\GameDev\Engine\Engine\Debug\link.5596-cvtres.write.1.tlog
C:\Users\Anthony\Dropbox\Programming\C++\Neumont\GameDev\Engine\Engine\Debug\link.5596-rc.read.1.tlog
C:\Users\Anthony\Dropbox\Programming\C++\Neumont\GameDev\Engine\Engine\Debug\link.5596-rc.write.1.tlog
C:\Users\Anthony\Dropbox\Programming\C++\Neumont\GameDev\Engine\Engine\Debug\link.5596.read.1.tlog
C:\Users\Anthony\Dropbox\Programming\C++\Neumont\GameDev\Engine\Engine\Debug\link.5596.write.1.tlog
C:\Users\Anthony\Dropbox\Programming\C++\Neumont\GameDev\Engine\Engine\Debug\link.command.1.tlog
C:\Users\Anthony\Dropbox\Programming\C++\Neumont\GameDev\Engine\Engine\Debug\link.read.1.tlog
C:\Users\Anthony\Dropbox\Programming\C++\Neumont\GameDev\Engine\Engine\Debug\link.write.1.tlog
C:\Users\Anthony\Dropbox\Programming\C++\Neumont\GameDev\Engine\Engine\Debug\vc110.idb
C:\Users\Anthony\Dropbox\Programming\C++\Neumont\GameDev\Engine\Engine\Debug\vc110.pdb
